Compiling the C compiler identification source file "CMakeCCompilerId.c" failed.
Compiler: /Applications/Xcode.app/Contents/Developer/Toolchains/XcodeDefault.xctoolchain/usr/bin/cc 
Build flags: 
Id flags:  

The output was:
1
ld: library not found for -lSystem
clang: error: linker command failed with exit code 1 (use -v to see invocation)


Compiling the CXX compiler identification source file "CMakeCXXCompilerId.cpp" failed.
Compiler: /Applications/Xcode.app/Contents/Developer/Toolchains/XcodeDefault.xctoolchain/usr/bin/c++ 
Build flags: 
Id flags:  

The output was:
1
ld: library not found for -lc++
clang: error: linker command failed with exit code 1 (use -v to see invocation)


Determining if the __i386__ exist failed with the following output:
Change Dir: /Users/shaheen/Desktop/build/CMakeFiles/CMakeTmp

Run Build Command(s):/usr/bin/make cmTC_5dfbd/fast && /Applications/Xcode.app/Contents/Developer/usr/bin/make  -f CMakeFiles/cmTC_5dfbd.dir/build.make CMakeFiles/cmTC_5dfbd.dir/build
Building C object CMakeFiles/cmTC_5dfbd.dir/CheckSymbolExists.c.o
/Applications/Xcode.app/Contents/Developer/Toolchains/XcodeDefault.xctoolchain/usr/bin/cc   -isysroot /Applications/Xcode.app/Contents/Developer/Platforms/MacOSX.platform/Developer/SDKs/MacOSX13.1.sdk -mmacosx-version-min=13.0 -o CMakeFiles/cmTC_5dfbd.dir/CheckSymbolExists.c.o -c /Users/shaheen/Desktop/build/CMakeFiles/CMakeTmp/CheckSymbolExists.c
/Users/shaheen/Desktop/build/CMakeFiles/CMakeTmp/CheckSymbolExists.c:7:19: error: use of undeclared identifier '__i386__'
  return ((int*)(&__i386__))[argc];
                  ^
1 error generated.
make[1]: *** [CMakeFiles/cmTC_5dfbd.dir/CheckSymbolExists.c.o] Error 1
make: *** [cmTC_5dfbd/fast] Error 2


File /Users/shaheen/Desktop/build/CMakeFiles/CMakeTmp/CheckSymbolExists.c:
/* */

int main(int argc, char** argv)
{
  (void)argv;
#ifndef __i386__
  return ((int*)(&__i386__))[argc];
#else
  (void)argc;
  return 0;
#endif
}
